[04févr.2026 20:28:06.663] [main/INFO] [cpw.mods.modlauncher.Launcher/MODLAUNCHER]: ModLauncher running: args [--launchTarget, forgeclientuserdev, --version, 21.0.167, --assetIndex, 17, --assetsDir, C:\\Users\\HibridNil\\.gradle\\caches\\neoformruntime\\assets, --gameDir, ., --fml.neoForgeVersion, 21.0.167, --fml.fmlVersion, 4.0.23, --fml.mcVersion, 1.21, --fml.neoFormVersion, 20240613.152323]
[04févr.2026 20:28:06.666] [main/INFO] [cpw.mods.modlauncher.Launcher/MODLAUNCHER]: JVM identified as Eclipse Adoptium OpenJDK 64-Bit Server VM 21.0.9+10-LTS
[04févr.2026 20:28:06.667] [main/INFO] [cpw.mods.modlauncher.Launcher/MODLAUNCHER]: ModLauncher 11.0.4+main.d2e20e43 starting: java version 21.0.9 by Eclipse Adoptium; OS Windows 11 arch amd64 version 10.0
[04févr.2026 20:28:06.775] [main/WARN] [net.neoforged.fml.loading.FMLConfig/CORE]: Configuration file C:\Users\HibridNil\Desktop\NeoForge-Minetendo_Survival-1.21.X\run\config\fml.toml is not correct. Correcting
[04févr.2026 20:28:06.777] [main/INFO] [net.neoforged.fml.loading.FMLConfig/CORE]: Incorrect key [disableConfigWatcher] was corrected from null to false
[04févr.2026 20:28:06.778] [main/INFO] [net.neoforged.fml.loading.FMLConfig/CORE]: Incorrect key [earlyWindowSkipGLVersions] was corrected from null to []
[04févr.2026 20:28:06.778] [main/INFO] [net.neoforged.fml.loading.FMLConfig/CORE]: Incorrect key [earlyWindowSquir] was corrected from null to false
[04févr.2026 20:28:06.803] [main/INFO] [net.neoforged.fml.loading.ImmediateWindowHandler/]: Loading ImmediateWindowProvider fmlearlywindow
[04févr.2026 20:28:07.007] [main/INFO] [EARLYDISPLAY/]: Trying GL version 4.6
[04févr.2026 20:28:07.133] [main/INFO] [EARLYDISPLAY/]: Requested GL version 4.6 got version 4.6
[04févr.2026 20:28:07.282] [main/INFO] [mixin/]: SpongePowered MIXIN Subsystem Version=0.8.6 Source=union:/C:/Users/HibridNil/.gradle/caches/modules-2/files-2.1/net.fabricmc/sponge-mixin/0.14.0+mixin.0.8.6/c265173c84346e9e5d42a2384b2b02bd39a4a899/sponge-mixin-0.14.0+mixin.0.8.6.jar%23131!/ Service=ModLauncher Env=CLIENT
[04févr.2026 20:28:07.511] [pool-2-thread-1/INFO] [EARLYDISPLAY/]: GL info: NVIDIA GeForce RTX 3050/PCIe/SSE2 GL version 4.6.0 NVIDIA 560.94, NVIDIA Corporation
[04févr.2026 20:28:07.674] [main/INFO] [net.neoforged.fml.loading.moddiscovery.locators.JarInJarDependencyLocator/]: Found 1 dependencies adding them to mods collection
[04févr.2026 20:28:07.838] [main/INFO] [net.neoforged.fml.loading.FMLServiceProvider/CORE]: Loading coremod script-engine for [neoforge]
[04févr.2026 20:28:08.773] [main/INFO] [cpw.mods.modlauncher.LaunchServiceHandler/MODLAUNCHER]: Launching target 'forgeclientuserdev' with arguments [--version, 21.0.167, --gameDir, ., --assetsDir, C:\Users\HibridNil\.gradle\caches\neoformruntime\assets, --assetIndex, 17]
[04févr.2026 20:28:09.922] [Datafixer Bootstrap/INFO] [com.mojang.datafixers.DataFixerBuilder/]: 229 Datafixer optimizations took 203 milliseconds
[04févr.2026 20:28:10.236] [pool-7-thread-1/INFO] [MixinExtras|Service/]: Initializing MixinExtras via com.llamalad7.mixinextras.service.MixinExtrasServiceImpl(version=0.3.5).
[04févr.2026 20:28:14.094] [main/WARN] [net.minecraft.commands.Commands/]: Ambiguity between arguments [teleport, location] and [teleport, destination] with inputs: [0.1 -0.5 .9, 0 0 0]
[04févr.2026 20:28:14.095] [main/WARN] [net.minecraft.commands.Commands/]: Ambiguity between arguments [teleport, location] and [teleport, targets] with inputs: [0.1 -0.5 .9, 0 0 0]
[04févr.2026 20:28:14.098] [main/WARN] [net.minecraft.commands.Commands/]: Ambiguity between arguments [teleport, destination] and [teleport, targets] with inputs: [Player, 0123, @e, dd12be42-52a9-4a91-a8a1-11c01849e498]
[04févr.2026 20:28:14.099] [main/WARN] [net.minecraft.commands.Commands/]: Ambiguity between arguments [teleport, targets] and [teleport, destination] with inputs: [Player, 0123, dd12be42-52a9-4a91-a8a1-11c01849e498]
[04févr.2026 20:28:14.099] [main/WARN] [net.minecraft.commands.Commands/]: Ambiguity between arguments [teleport, targets, location] and [teleport, targets, destination] with inputs: [0.1 -0.5 .9, 0 0 0]
[04févr.2026 20:28:14.189] [Render thread/WARN] [net.minecraft.server.packs.VanillaPackResourcesBuilder/]: Assets URL 'union:/C:/Users/HibridNil/Desktop/NeoForge-Minetendo_Survival-1.21.X/build/moddev/artifacts/neoforge-21.0.167.jar%23183!/assets/.mcassetsroot' uses unexpected schema
[04févr.2026 20:28:14.190] [Render thread/WARN] [net.minecraft.server.packs.VanillaPackResourcesBuilder/]: Assets URL 'union:/C:/Users/HibridNil/Desktop/NeoForge-Minetendo_Survival-1.21.X/build/moddev/artifacts/neoforge-21.0.167.jar%23183!/data/.mcassetsroot' uses unexpected schema
[04févr.2026 20:28:14.210] [Render thread/INFO] [com.mojang.authlib.yggdrasil.YggdrasilAuthenticationService/]: Environment: Environment[sessionHost=https://sessionserver.mojang.com, servicesHost=https://api.minecraftservices.com, name=PROD]
[04févr.2026 20:28:14.219] [Render thread/INFO] [net.minecraft.client.Minecraft/]: Setting user: Dev
[04févr.2026 20:28:14.284] [Render thread/INFO] [net.minecraft.client.Minecraft/]: Backend library: LWJGL version 3.3.3+5
[04févr.2026 20:28:14.510] [modloading-worker-0/INFO] [net.neoforged.neoforge.common.NeoForgeMod/NEOFORGE-MOD]: NeoForge mod loading, version 21.0.167, for MC 1.21
[04févr.2026 20:28:15.129] [Render thread/INFO] [net.neoforged.neoforge.gametest.GameTestHooks/]: Enabled Gametest Namespaces: [examplemod]
[04févr.2026 20:28:15.223] [Render thread/INFO] [net.minecraft.server.packs.resources.ReloadableResourceManager/]: Reloading ResourceManager: vanilla, mod_resources, mod/minetendo, mod/neoforge
[04févr.2026 20:28:15.229] [Worker-Main-1/INFO] [com.hibridnil.minetendo.Minetendo/]: HELLO FROM COMMON SETUP
[04févr.2026 20:28:15.231] [Worker-Main-1/INFO] [com.hibridnil.minetendo.Minetendo/]: DIRT BLOCK >> minecraft:dirt
[04févr.2026 20:28:15.231] [Worker-Main-1/INFO] [com.hibridnil.minetendo.Minetendo/]: The magic number is... 42
[04févr.2026 20:28:15.231] [Worker-Main-1/INFO] [com.hibridnil.minetendo.Minetendo/]: ITEM >> minecraft:iron_ingot
[04févr.2026 20:28:15.294] [Worker-Main-9/INFO] [net.minecraft.client.gui.font.providers.UnihexProvider/]: Found unifont_all_no_pua-15.1.05.hex, loading
[04févr.2026 20:28:15.372] [Worker-Main-5/INFO] [net.minecraft.client.gui.font.providers.UnihexProvider/]: Found unifont_jp_patch-15.1.05.hex, loading
[04févr.2026 20:28:15.379] [Worker-Main-4/INFO] [com.hibridnil.minetendo.Minetendo/]: HELLO FROM CLIENT SETUP
[04févr.2026 20:28:15.380] [Worker-Main-4/INFO] [com.hibridnil.minetendo.Minetendo/]: MINECRAFT NAME >> Dev
[04févr.2026 20:28:15.774] [Worker-Main-8/WARN] [net.minecraft.client.resources.model.BlockStateModelLoader/]: Exception loading blockstate definition: 'minetendo:blockstates/example_block.json' missing model for variant: 'minetendo:example_block#'
[04févr.2026 20:28:15.775] [Worker-Main-8/WARN] [net.minecraft.client.resources.model.ModelBakery/]: Unable to load model: 'minetendo:item/example_item' referenced from: minetendo:item/example_item: java.io.FileNotFoundException: minetendo:models/item/example_item.json
[04févr.2026 20:28:15.779] [Worker-Main-8/WARN] [net.minecraft.client.resources.model.ModelBakery/]: Unable to load model: 'minetendo:item/example_block' referenced from: minetendo:item/example_block: java.io.FileNotFoundException: minetendo:models/item/example_block.json
[04févr.2026 20:28:16.301] [Render thread/WARN] [net.minecraft.client.sounds.SoundEngine/]: Missing sound for event: minecraft:item.goat_horn.play
[04févr.2026 20:28:16.302] [Render thread/WARN] [net.minecraft.client.sounds.SoundEngine/]: Missing sound for event: minecraft:entity.goat.screaming.horn_break
[04févr.2026 20:28:16.376] [Render thread/INFO] [com.mojang.blaze3d.audio.Library/]: OpenAL initialized on device OpenAL Soft on Headphones (High Definition Audio Device)
[04févr.2026 20:28:16.377] [Render thread/INFO] [net.minecraft.client.sounds.SoundEngine/SOUNDS]: Sound engine started
[04févr.2026 20:28:16.489] [Render thread/INFO] [net.minecraft.client.renderer.texture.TextureAtlas/]: Created: 1024x512x4 minecraft:textures/atlas/blocks.png-atlas
[04févr.2026 20:28:16.495] [Render thread/INFO] [net.minecraft.client.renderer.texture.TextureAtlas/]: Created: 256x256x4 minecraft:textures/atlas/signs.png-atlas
[04févr.2026 20:28:16.495] [Render thread/INFO] [net.minecraft.client.renderer.texture.TextureAtlas/]: Created: 512x512x4 minecraft:textures/atlas/banner_patterns.png-atlas
[04févr.2026 20:28:16.495] [Render thread/INFO] [net.minecraft.client.renderer.texture.TextureAtlas/]: Created: 512x512x4 minecraft:textures/atlas/shield_patterns.png-atlas
[04févr.2026 20:28:16.496] [Render thread/INFO] [net.minecraft.client.renderer.texture.TextureAtlas/]: Created: 1024x1024x4 minecraft:textures/atlas/armor_trims.png-atlas
[04févr.2026 20:28:16.498] [Render thread/INFO] [net.minecraft.client.renderer.texture.TextureAtlas/]: Created: 256x256x4 minecraft:textures/atlas/chest.png-atlas
[04févr.2026 20:28:16.498] [Render thread/INFO] [net.minecraft.client.renderer.texture.TextureAtlas/]: Created: 128x64x4 minecraft:textures/atlas/decorated_pot.png-atlas
[04févr.2026 20:28:16.498] [Render thread/INFO] [net.minecraft.client.renderer.texture.TextureAtlas/]: Created: 512x256x4 minecraft:textures/atlas/beds.png-atlas
[04févr.2026 20:28:16.498] [Render thread/INFO] [net.minecraft.client.renderer.texture.TextureAtlas/]: Created: 512x256x4 minecraft:textures/atlas/shulker_boxes.png-atlas
[04févr.2026 20:28:16.656] [Render thread/INFO] [net.minecraft.client.renderer.texture.TextureAtlas/]: Created: 512x256x0 minecraft:textures/atlas/particles.png-atlas
[04févr.2026 20:28:16.657] [Render thread/INFO] [net.minecraft.client.renderer.texture.TextureAtlas/]: Created: 512x256x0 minecraft:textures/atlas/paintings.png-atlas
[04févr.2026 20:28:16.657] [Render thread/INFO] [net.minecraft.client.renderer.texture.TextureAtlas/]: Created: 256x128x0 minecraft:textures/atlas/mob_effects.png-atlas
[04févr.2026 20:28:16.657] [Render thread/INFO] [net.minecraft.client.renderer.texture.TextureAtlas/]: Created: 64x64x0 minecraft:textures/atlas/map_decorations.png-atlas
[04févr.2026 20:28:16.657] [Render thread/INFO] [net.minecraft.client.renderer.texture.TextureAtlas/]: Created: 1024x512x0 minecraft:textures/atlas/gui.png-atlas
[04févr.2026 20:28:16.679] [Render thread/WARN] [net.minecraft.client.renderer.ShaderInstance/]: Shader rendertype_entity_translucent_emissive could not find sampler named Sampler2 in the specified shader program.
[04févr.2026 20:28:32.090] [Render thread/INFO] [net.minecraft.client.Minecraft/]: Stopping!
